<?xml version="1.0" encoding="UTF-8"?>
<testsuite name="com.skillsmarket.demo.DemoApplicationTests" tests="1" skipped="0" failures="0" errors="0" timestamp="2026-05-06T15:41:04.110Z" hostname="soyujin-ui-MacBookAir.local" time="1.791">
  <properties/>
  <testcase name="contextLoads()" classname="com.skillsmarket.demo.DemoApplicationTests" time="0.317"/>
  <system-out><![CDATA[00:41:04.181 [Test worker] INFO org.springframework.test.context.support.AnnotationConfigContextLoaderUtils -- Could not detect default configuration classes for test class [com.skillsmarket.demo.DemoApplicationTests]: DemoApplicationTests does not declare any static, non-private, non-final, nested classes annotated with @Configuration.
00:41:04.225 [Test worker] INFO org.springframework.boot.test.context.SpringBootTestContextBootstrapper -- Found @SpringBootConfiguration com.skillsmarket.demo.DemoApplication for test class com.skillsmarket.demo.DemoApplicationTests
00:41:04.258 [Test worker] INFO org.springframework.test.context.support.AnnotationConfigContextLoaderUtils -- Could not detect default configuration classes for test class [com.skillsmarket.demo.DemoApplicationTests]: DemoApplicationTests does not declare any static, non-private, non-final, nested classes annotated with @Configuration.
00:41:04.259 [Test worker] INFO org.springframework.boot.test.context.SpringBootTestContextBootstrapper -- Found @SpringBootConfiguration com.skillsmarket.demo.DemoApplication for test class com.skillsmarket.demo.DemoApplicationTests

  .   ____          _            __ _ _
 /\\ / ___'_ __ _ _(_)_ __  __ _ \ \ \ \
( ( )\___ | '_ | '_| | '_ \/ _` | \ \ \ \
 \\/  ___)| |_)| | | | | || (_| |  ) ) ) )
  '  |____| .__|_| |_|_| |_\__, | / / / /
 =========|_|==============|___/=/_/_/_/

 :: Spring Boot ::                (v4.0.6)

2026-05-07T00:41:04.416+09:00  INFO 63693 --- [demo] [    Test worker] c.s.demo.DemoApplicationTests            : Starting DemoApplicationTests using Java 21.0.3 with PID 63693 (started by soyujin in /Users/soyujin/Downloads/demo)
2026-05-07T00:41:04.417+09:00  INFO 63693 --- [demo] [    Test worker] c.s.demo.DemoApplicationTests            : No active profile set, falling back to 1 default profile: "default"
2026-05-07T00:41:04.647+09:00  INFO 63693 --- [demo] [    Test worker] .s.d.r.c.RepositoryConfigurationDelegate : Bootstrapping Spring Data JPA repositories in DEFAULT mode.
2026-05-07T00:41:04.656+09:00  INFO 63693 --- [demo] [    Test worker] .s.d.r.c.RepositoryConfigurationDelegate : Finished Spring Data repository scanning in 5 ms. Found 0 JPA repository interfaces.
2026-05-07T00:41:04.797+09:00  INFO 63693 --- [demo] [    Test worker] com.zaxxer.hikari.HikariDataSource       : HikariPool-1 - Starting...
2026-05-07T00:41:04.890+09:00  INFO 63693 --- [demo] [    Test worker] com.zaxxer.hikari.pool.HikariPool        : HikariPool-1 - Added connection conn0: url=jdbc:h2:mem:513ce903-91e5-4c85-9cc1-49447522a47d user=SA
2026-05-07T00:41:04.891+09:00  INFO 63693 --- [demo] [    Test worker] com.zaxxer.hikari.HikariDataSource       : HikariPool-1 - Start completed.
2026-05-07T00:41:04.909+09:00  INFO 63693 --- [demo] [    Test worker] org.hibernate.orm.jpa                    : HHH008540: Processing PersistenceUnitInfo [name: default]
2026-05-07T00:41:04.931+09:00  INFO 63693 --- [demo] [    Test worker] org.hibernate.orm.core                   : HHH000001: Hibernate ORM core version 7.2.12.Final
2026-05-07T00:41:05.123+09:00  INFO 63693 --- [demo] [    Test worker] o.s.o.j.p.SpringPersistenceUnitInfo      : No LoadTimeWeaver setup: ignoring JPA class transformer
2026-05-07T00:41:05.162+09:00  INFO 63693 --- [demo] [    Test worker] org.hibernate.orm.connections.pooling    : HHH10001005: Database info:
	Database JDBC URL [jdbc:h2:mem:513ce903-91e5-4c85-9cc1-49447522a47d]
	Database driver: H2 JDBC Driver
	Database dialect: H2Dialect
	Database version: 2.4.240
	Default catalog/schema: 513CE903-91E5-4C85-9CC1-49447522A47D/PUBLIC
	Autocommit mode: undefined/unknown
	Isolation level: READ_COMMITTED [default READ_COMMITTED]
	JDBC fetch size: 100
	Pool: DataSourceConnectionProvider
	Minimum pool size: undefined/unknown
	Maximum pool size: undefined/unknown
2026-05-07T00:41:05.328+09:00  INFO 63693 --- [demo] [    Test worker] org.hibernate.orm.core                   : HHH000489: No JTA platform available (set 'hibernate.transaction.jta.platform' to enable JTA platform integration)
2026-05-07T00:41:05.332+09:00  INFO 63693 --- [demo] [    Test worker] j.LocalContainerEntityManagerFactoryBean : Initialized JPA EntityManagerFactory for persistence unit 'default'
2026-05-07T00:41:05.374+09:00  WARN 63693 --- [demo] [    Test worker] JpaBaseConfiguration$JpaWebConfiguration : spring.jpa.open-in-view is enabled by default. Therefore, database queries may be performed during view rendering. Explicitly configure spring.jpa.open-in-view to disable this warning
2026-05-07T00:41:05.577+09:00  INFO 63693 --- [demo] [    Test worker] c.s.demo.DemoApplicationTests            : Started DemoApplicationTests in 1.269 seconds (process running for 1.892)
]]></system-out>
  <system-err><![CDATA[Mockito is currently self-attaching to enable the inline-mock-maker. This will no longer work in future releases of the JDK. Please add Mockito as an agent to your build as described in Mockito's documentation: https://javadoc.io/doc/org.mockito/mockito-core/latest/org.mockito/org/mockito/Mockito.html#0.3
WARNING: A Java agent has been loaded dynamically (/Users/soyujin/.gradle/caches/modules-2/files-2.1/net.bytebuddy/byte-buddy-agent/1.17.8/f09415827a71be7ed621c7bd02550678f28bc81c/byte-buddy-agent-1.17.8.jar)
WARNING: If a serviceability tool is in use, please run with -XX:+EnableDynamicAgentLoading to hide this warning
WARNING: If a serviceability tool is not in use, please run with -Djdk.instrument.traceUsage for more information
WARNING: Dynamic loading of agents will be disallowed by default in a future release
]]></system-err>
</testsuite>
